This is pdfTeX, Version 3.1415926-2.5-1.40.14 (MiKTeX 2.9) (preloaded format=pdflatex 2014.12.6)  4 JAN 2015 16:13
entering extended mode
**report.tex
(C:\Users\mbaratva\Desktop\thesis\CDC\report.tex
LaTeX2e <2011/06/27>
Babel <v3.8m> and hyphenation patterns for english, afrikaans, ancientgreek, ar
abic, armenian, assamese, basque, bengali, bokmal, bulgarian, catalan, coptic, 
croatian, czech, danish, dutch, esperanto, estonian, farsi, finnish, french, ga
lician, german, german-x-2013-05-26, greek, gujarati, hindi, hungarian, iceland
ic, indonesian, interlingua, irish, italian, kannada, kurmanji, latin, latvian,
 lithuanian, malayalam, marathi, mongolian, mongolianlmc, monogreek, ngerman, n
german-x-2013-05-26, nynorsk, oriya, panjabi, pinyin, polish, portuguese, roman
ian, russian, sanskrit, serbian, slovak, slovenian, spanish, swedish, swissgerm
an, tamil, telugu, turkish, turkmen, ukenglish, ukrainian, uppersorbian, usengl
ishmax, welsh, loaded.
("C:\Program Files (x86)\MiKTeX 2.9\tex\latex\koma-script\scrartcl.cls"
Document Class: scrartcl 2013/12/19 v3.12 KOMA-Script document class (article)
("C:\Program Files (x86)\MiKTeX 2.9\tex\latex\koma-script\scrkbase.sty"
Package: scrkbase 2013/12/19 v3.12 KOMA-Script package (KOMA-Script-dependent b
asics and keyval usage)

("C:\Program Files (x86)\MiKTeX 2.9\tex\latex\koma-script\scrbase.sty"
Package: scrbase 2013/12/19 v3.12 KOMA-Script package (KOMA-Script-independent 
basics and keyval usage)

("C:\Program Files (x86)\MiKTeX 2.9\tex\latex\graphics\keyval.sty"
Package: keyval 1999/03/16 v1.13 key=value parser (DPC)
\KV@toks@=\toks14
)
("C:\Program Files (x86)\MiKTeX 2.9\tex\latex\koma-script\scrlfile.sty"
Package: scrlfile 2013/12/19 v3.12 KOMA-Script package (loading files)

Package scrlfile, 2013/12/19 v3.12 KOMA-Script package (loading files)
                  Copyright (C) Markus Kohm

))) ("C:\Program Files (x86)\MiKTeX 2.9\tex\latex\koma-script\tocbasic.sty"
Package: tocbasic 2013/12/19 v3.12 KOMA-Script package (handling toc-files)
)
Package tocbasic Info: omitting babel extension for `toc'
(tocbasic)             because of feature `nobabel' available
(tocbasic)             for `toc' on input line 115.
Package tocbasic Info: omitting babel extension for `lof'
(tocbasic)             because of feature `nobabel' available
(tocbasic)             for `lof' on input line 116.
Package tocbasic Info: omitting babel extension for `lot'
(tocbasic)             because of feature `nobabel' available
(tocbasic)             for `lot' on input line 117.
Package scrartcl Info: You've used standard option `12pt'.
(scrartcl)             This is correct!
(scrartcl)             Internally I'm using `fontsize=12pt'.
(scrartcl)             If you'd like to set the option with \KOMAoptions,
(scrartcl)             you'd have to use `fontsize=12pt' there
(scrartcl)             instead of `12pt', too.
Class scrartcl Info: You've used standard option `oneside'.
(scrartcl)           This is correct!
(scrartcl)           Internally I'm using `twoside=false'.
(scrartcl)           If you'd like to set the option with \KOMAoptions,
(scrartcl)           you'd have to use `twoside=false' there
(scrartcl)           instead of `oneside', too.
Package scrbase Info: Unknown processing state.
(scrbase)             Processing option `twoside=false'
(scrbase)             of member `.scrartcl.cls'
(scrbase)             of family `KOMA'
(scrbase)             doesn't set a valid state.
(scrbase)             This will be interpreted
(scrbase)             as \FamilyKeyStateProcessed on input line 1150.
Class scrartcl Info: File `scrsize12pt.clo' used to setup font sizes on input l
ine 1531.

("C:\Program Files (x86)\MiKTeX 2.9\tex\latex\koma-script\scrsize12pt.clo"
File: scrsize12pt.clo 2013/12/19 v3.12 KOMA-Script font size class option (12pt
)
)
("C:\Program Files (x86)\MiKTeX 2.9\tex\latex\koma-script\typearea.sty"
Package: typearea 2013/12/19 v3.12 KOMA-Script package (type area)

Package typearea, 2013/12/19 v3.12 KOMA-Script package (type area)
                  Copyright (C) Frank Neukam, 1992-1994
                  Copyright (C) Markus Kohm, 1994-

\ta@bcor=\skip41
\ta@div=\count79
Package typearea Info: You've used standard option `oneside'.
(typearea)             This is correct!
(typearea)             Internally I'm using `twoside=false'.
(typearea)             If you'd like to set the option with \KOMAoptions,
(typearea)             you'd have to use `twoside=false' there
(typearea)             instead of `oneside', too.
Package typearea Info: You've used standard option `a4paper'.
(typearea)             This is correct!
(typearea)             Internally I'm using `paper=a4'.
(typearea)             If you'd like to set the option with \KOMAoptions,
(typearea)             you'd have to use `paper=a4' there
(typearea)             instead of `a4paper', too.
\ta@hblk=\skip42
\ta@vblk=\skip43
\ta@temp=\skip44
\footheight=\skip45
Package typearea Info: These are the values describing the layout:
(typearea)             DIV  = 12
(typearea)             BCOR = 0.0pt
(typearea)             \paperwidth      = 597.50793pt
(typearea)              \textwidth      = 448.13095pt
(typearea)              DIV departure   = -6%
(typearea)              \evensidemargin = 2.4185pt
(typearea)              \oddsidemargin  = 2.4185pt
(typearea)             \paperheight     = 845.04694pt
(typearea)              \textheight     = 635.5pt
(typearea)              \topmargin      = -41.72441pt
(typearea)              \headheight     = 18.125pt
(typearea)              \headsep        = 21.75pt
(typearea)              \topskip        = 12.0pt
(typearea)              \footskip       = 50.75pt
(typearea)              \baselineskip   = 14.5pt
(typearea)              on input line 1330.
)
\c@part=\count80
\c@section=\count81
\c@subsection=\count82
\c@subsubsection=\count83
\c@paragraph=\count84
\c@subparagraph=\count85
\abovecaptionskip=\skip46
\belowcaptionskip=\skip47
\c@pti@nb@sid@b@x=\box26
\c@figure=\count86
\c@table=\count87
\bibindent=\dimen102
) ("C:\Program Files (x86)\MiKTeX 2.9\tex\generic\babel\babel.sty"
Package: babel 2008/07/08 v3.8m The Babel package

*************************************
* Local config file bblopts.cfg used
*
("C:\Program Files (x86)\MiKTeX 2.9\tex\latex\00miktex\bblopts.cfg"
File: bblopts.cfg 2006/07/31 v1.0 MiKTeX 'babel' configuration
)
("C:\Program Files (x86)\MiKTeX 2.9\tex\generic\babel\english.ldf"
Language: english 2005/03/30 v3.3o English support from the babel system

("C:\Program Files (x86)\MiKTeX 2.9\tex\generic\babel\babel.def"
File: babel.def 2008/07/08 v3.8m Babel common definitions
\babel@savecnt=\count88
\U@D=\dimen103
)
\l@canadian = a dialect from \language\l@american 
\l@australian = a dialect from \language\l@british 
\l@newzealand = a dialect from \language\l@british 
))
("C:\Program Files (x86)\MiKTeX 2.9\tex\latex\psnfss\bookman.sty"
Package: bookman 2005/04/12 PSNFSS-v9.2a (SPQR) 
)
("C:\Program Files (x86)\MiKTeX 2.9\tex\latex\graphics\graphicx.sty"
Package: graphicx 1999/02/16 v1.0f Enhanced LaTeX Graphics (DPC,SPQR)

("C:\Program Files (x86)\MiKTeX 2.9\tex\latex\graphics\graphics.sty"
Package: graphics 2009/02/05 v1.0o Standard LaTeX Graphics (DPC,SPQR)

("C:\Program Files (x86)\MiKTeX 2.9\tex\latex\graphics\trig.sty"
Package: trig 1999/03/16 v1.09 sin cos tan (DPC)
)
("C:\Program Files (x86)\MiKTeX 2.9\tex\latex\00miktex\graphics.cfg"
File: graphics.cfg 2007/01/18 v1.5 graphics configuration of teTeX/TeXLive
)
Package graphics Info: Driver file: pdftex.def on input line 91.

("C:\Program Files (x86)\MiKTeX 2.9\tex\latex\pdftex-def\pdftex.def"
File: pdftex.def 2011/05/27 v0.06d Graphics/color for pdfTeX

("C:\Program Files (x86)\MiKTeX 2.9\tex\generic\oberdiek\infwarerr.sty"
Package: infwarerr 2010/04/08 v1.3 Providing info/warning/error messages (HO)
)
("C:\Program Files (x86)\MiKTeX 2.9\tex\generic\oberdiek\ltxcmds.sty"
Package: ltxcmds 2011/11/09 v1.22 LaTeX kernel commands for general use (HO)
)
\Gread@gobject=\count89
))
\Gin@req@height=\dimen104
\Gin@req@width=\dimen105
)
("C:\Program Files (x86)\MiKTeX 2.9\tex\latex\amsmath\amsmath.sty"
Package: amsmath 2013/01/14 v2.14 AMS math features
\@mathmargin=\skip48

For additional information on amsmath, use the `?' option.
("C:\Program Files (x86)\MiKTeX 2.9\tex\latex\amsmath\amstext.sty"
Package: amstext 2000/06/29 v2.01

("C:\Program Files (x86)\MiKTeX 2.9\tex\latex\amsmath\amsgen.sty"
File: amsgen.sty 1999/11/30 v2.0
\@emptytoks=\toks15
\ex@=\dimen106
))
("C:\Program Files (x86)\MiKTeX 2.9\tex\latex\amsmath\amsbsy.sty"
Package: amsbsy 1999/11/29 v1.2d
\pmbraise@=\dimen107
)
("C:\Program Files (x86)\MiKTeX 2.9\tex\latex\amsmath\amsopn.sty"
Package: amsopn 1999/12/14 v2.01 operator names
)
\inf@bad=\count90
LaTeX Info: Redefining \frac on input line 210.
\uproot@=\count91
\leftroot@=\count92
LaTeX Info: Redefining \overline on input line 306.
\classnum@=\count93
\DOTSCASE@=\count94
LaTeX Info: Redefining \ldots on input line 378.
LaTeX Info: Redefining \dots on input line 381.
LaTeX Info: Redefining \cdots on input line 466.
\Mathstrutbox@=\box27
\strutbox@=\box28
\big@size=\dimen108
LaTeX Font Info:    Redeclaring font encoding OML on input line 566.
LaTeX Font Info:    Redeclaring font encoding OMS on input line 567.
\macc@depth=\count95
\c@MaxMatrixCols=\count96
\dotsspace@=\muskip10
\c@parentequation=\count97
\dspbrk@lvl=\count98
\tag@help=\toks16
\row@=\count99
\column@=\count100
\maxfields@=\count101
\andhelp@=\toks17
\eqnshift@=\dimen109
\alignsep@=\dimen110
\tagshift@=\dimen111
\tagwidth@=\dimen112
\totwidth@=\dimen113
\lineht@=\dimen114
\@envbody=\toks18
\multlinegap=\skip49
\multlinetaggap=\skip50
\mathdisplay@stack=\toks19
LaTeX Info: Redefining \[ on input line 2665.
LaTeX Info: Redefining \] on input line 2666.
)
(C:\Users\mbaratva\Desktop\thesis\CDC\report.aux)
LaTeX Font Info:    Checking defaults for OML/cmm/m/it on input line 11.
LaTeX Font Info:    ... okay on input line 11.
LaTeX Font Info:    Checking defaults for T1/cmr/m/n on input line 11.
LaTeX Font Info:    ... okay on input line 11.
LaTeX Font Info:    Checking defaults for OT1/cmr/m/n on input line 11.
LaTeX Font Info:    ... okay on input line 11.
LaTeX Font Info:    Checking defaults for OMS/cmsy/m/n on input line 11.
LaTeX Font Info:    ... okay on input line 11.
LaTeX Font Info:    Checking defaults for OMX/cmex/m/n on input line 11.
LaTeX Font Info:    ... okay on input line 11.
LaTeX Font Info:    Checking defaults for U/cmr/m/n on input line 11.
LaTeX Font Info:    ... okay on input line 11.
LaTeX Font Info:    Try loading font information for OT1+pbk on input line 11.

("C:\Program Files (x86)\MiKTeX 2.9\tex\latex\psnfss\ot1pbk.fd"
File: ot1pbk.fd 2001/06/04 font definitions for OT1/pbk.
)
LaTeX Font Info:    Font shape `OT1/pbk/m/n' in size <12> not available
(Font)              Font shape `OT1/pbk/l/n' tried instead on input line 11.

("C:\Program Files (x86)\MiKTeX 2.9\tex\context\base\supp-pdf.mkii"
[Loading MPS to PDF converter (version 2006.09.02).]
\scratchcounter=\count102
\scratchdimen=\dimen115
\scratchbox=\box29
\nofMPsegments=\count103
\nofMParguments=\count104
\everyMPshowfont=\toks20
\MPscratchCnt=\count105
\MPscratchDim=\dimen116
\MPnumerator=\count106
\makeMPintoPDFobject=\count107
\everyMPtoPDFconversion=\toks21
)
LaTeX Font Info:    Font shape `OT1/pbk/bx/n' in size <12> not available
(Font)              Font shape `OT1/pbk/b/n' tried instead on input line 19.
LaTeX Font Info:    Font shape `OT1/pbk/b/n' in size <12> not available
(Font)              Font shape `OT1/pbk/db/n' tried instead on input line 19.
LaTeX Font Info:    Font shape `OT1/pbk/bx/n' in size <17.28> not available
(Font)              Font shape `OT1/pbk/b/n' tried instead on input line 19.
LaTeX Font Info:    Font shape `OT1/pbk/b/n' in size <17.28> not available
(Font)              Font shape `OT1/pbk/db/n' tried instead on input line 19.
LaTeX Font Info:    Try loading font information for OT1+pag on input line 19.
 ("C:\Program Files (x86)\MiKTeX 2.9\tex\latex\psnfss\ot1pag.fd"
File: ot1pag.fd 2001/06/04 font definitions for OT1/pag.
)
LaTeX Font Info:    Font shape `OT1/pag/bx/n' in size <12> not available
(Font)              Font shape `OT1/pag/b/n' tried instead on input line 19.
LaTeX Font Info:    Font shape `OT1/pag/b/n' in size <12> not available
(Font)              Font shape `OT1/pag/db/n' tried instead on input line 19.
LaTeX Font Info:    Font shape `OT1/pag/bx/n' in size <24.88> not available
(Font)              Font shape `OT1/pag/b/n' tried instead on input line 19.
LaTeX Font Info:    Font shape `OT1/pag/b/n' in size <24.88> not available
(Font)              Font shape `OT1/pag/db/n' tried instead on input line 19.
LaTeX Font Info:    Font shape `OT1/pbk/m/n' in size <17.28> not available
(Font)              Font shape `OT1/pbk/l/n' tried instead on input line 19.
LaTeX Font Info:    Font shape `OT1/pbk/m/it' in size <12> not available
(Font)              Font shape `OT1/pbk/l/it' tried instead on input line 22.
Missing character: There is no â in font pbkl7t!
Missing character: There is no € in font pbkl7t!
Missing character: There is no ™ in font pbkl7t!
Missing character: There is no â in font pbkl7t!
Missing character: There is no € in font pbkl7t!
Missing character: There is no ™ in font pbkl7t!

Overfull \hbox (7.61119pt too wide) in paragraph at lines 22--26
\OT1/pbk/l/n/12 op-ti-mum im-ple-men-ta-tion of on FPGA, for in-stance Cross-Co
rrelation
 []


Underfull \hbox (badness 10000) in paragraph at lines 22--26

 []

[1




{C:/ProgramData/MiKTeX/2.9/pdftex/config/pdftex.map}] [2]
LaTeX Font Info:    Font shape `OT1/pag/bx/n' in size <17.28> not available
(Font)              Font shape `OT1/pag/b/n' tried instead on input line 30.
LaTeX Font Info:    Font shape `OT1/pag/b/n' in size <17.28> not available
(Font)              Font shape `OT1/pag/db/n' tried instead on input line 30.

(C:\Users\mbaratva\Desktop\thesis\CDC\report.toc
LaTeX Font Info:    Font shape `OT1/pag/bx/n' in size <14.4> not available
(Font)              Font shape `OT1/pag/b/n' tried instead on input line 2.
LaTeX Font Info:    Font shape `OT1/pag/b/n' in size <14.4> not available
(Font)              Font shape `OT1/pag/db/n' tried instead on input line 2.
)
\tf@toc=\write3
 [3]
(C:\Users\mbaratva\Desktop\thesis\CDC\content/part1.tex
Underfull \hbox (badness 10000) in paragraph at lines 4--5

 []


Underfull \hbox (badness 10000) in paragraph at lines 6--9

 []


Underfull \hbox (badness 10000) in paragraph at lines 10--12

 []


Underfull \hbox (badness 10000) in paragraph at lines 13--14

 []

[4]
Underfull \hbox (badness 10000) in paragraph at lines 15--16

 []


Underfull \hbox (badness 10000) in paragraph at lines 17--18

 []


Underfull \hbox (badness 10000) in paragraph at lines 19--20

 []


Underfull \hbox (badness 10000) in paragraph at lines 21--22

 []


Underfull \hbox (badness 10000) in paragraph at lines 23--24

 []

[5]
Underfull \hbox (badness 10000) in paragraph at lines 31--33

 []


Underfull \hbox (badness 10000) in paragraph at lines 34--35

 []

LaTeX Font Info:    Try loading font information for OMS+pbk on input line 37.
("C:\Program Files (x86)\MiKTeX 2.9\tex\latex\psnfss\omspbk.fd"
File: omspbk.fd 
)
LaTeX Font Info:    Font shape `OMS/pbk/m/n' in size <12> not available
(Font)              Font shape `OMS/cmsy/m/n' tried instead on input line 37.
 [6]) [7]
(C:\Users\mbaratva\Desktop\thesis\CDC\content/part2.tex
Underfull \hbox (badness 10000) in paragraph at lines 2--4

 []


Underfull \hbox (badness 10000) in paragraph at lines 8--9

 []


Underfull \hbox (badness 10000) in paragraph at lines 16--17

 []

[8]
Overfull \hbox (31.25987pt too wide) in paragraph at lines 51--51
[] 
 []


Underfull \hbox (badness 10000) in paragraph at lines 61--62

 []


Underfull \hbox (badness 10000) in paragraph at lines 63--64

 []

[9] <content/fig/ofdmmodel1.JPG, id=43, 763.35187pt x 444.15938pt>
File: content/fig/ofdmmodel1.JPG Graphic file (type jpg)

<use content/fig/ofdmmodel1.JPG>
Package pdftex.def Info: content/fig/ofdmmodel1.JPG used on input line 67.
(pdftex.def)             Requested size: 448.13095pt x 260.74373pt.

<content/fig/ofdmmodel2.JPG, id=44, 724.20563pt x 429.10312pt>
File: content/fig/ofdmmodel2.JPG Graphic file (type jpg)

<use content/fig/ofdmmodel2.JPG>
Package pdftex.def Info: content/fig/ofdmmodel2.JPG used on input line 68.
(pdftex.def)             Requested size: 448.13095pt x 265.53047pt.

Underfull \hbox (badness 10000) in paragraph at lines 73--78

 []

<content/fig/basic_ofdm_design.JPG, id=45, 506.6428pt x 284.56313pt>
File: content/fig/basic_ofdm_design.JPG Graphic file (type jpg)

<use content/fig/basic_ofdm_design.JPG>
Package pdftex.def Info: content/fig/basic_ofdm_design.JPG used on input line 8
0.
(pdftex.def)             Requested size: 341.43306pt x 191.77655pt.
 [10] [11 <C:/Users/mbaratva/Desktop/thesis/CDC/content/fig/ofdmmodel1.JPG> <C:
/Users/mbaratva/Desktop/thesis/CDC/content/fig/ofdmmodel2.JPG>]
Underfull \hbox (badness 10000) in paragraph at lines 85--86

 []


Underfull \hbox (badness 10000) in paragraph at lines 98--102

 []

[12 <C:/Users/mbaratva/Desktop/thesis/CDC/content/fig/basic_ofdm_design.JPG>]
Underfull \hbox (badness 10000) in paragraph at lines 119--120

 []

<content/fig/osi.JPG, id=55, 368.37625pt x 173.64874pt>
File: content/fig/osi.JPG Graphic file (type jpg)

<use content/fig/osi.JPG>
Package pdftex.def Info: content/fig/osi.JPG used on input line 122.
(pdftex.def)             Requested size: 368.37534pt x 173.64832pt.

Underfull \hbox (badness 10000) in paragraph at lines 128--130

 []

[13 <C:/Users/mbaratva/Desktop/thesis/CDC/content/fig/osi.JPG>]
<content/fig/ieee_system_design.JPG, id=60, 516.42938pt x 292.09125pt>
File: content/fig/ieee_system_design.JPG Graphic file (type jpg)

<use content/fig/ieee_system_design.JPG>
Package pdftex.def Info: content/fig/ieee_system_design.JPG used on input line 
132.
(pdftex.def)             Requested size: 341.43306pt x 193.11954pt.

Underfull \hbox (badness 10000) in paragraph at lines 146--150

 []

[14 <C:/Users/mbaratva/Desktop/thesis/CDC/content/fig/ieee_system_design.JPG>]
Underfull \hbox (badness 10000) in paragraph at lines 155--156

 []


Underfull \hbox (badness 10000) in paragraph at lines 164--165

 []

<content/fig/freq_alloc.JPG, id=64, 525.46312pt x 158.09062pt>
File: content/fig/freq_alloc.JPG Graphic file (type jpg)

<use content/fig/freq_alloc.JPG>
Package pdftex.def Info: content/fig/freq_alloc.JPG used on input line 167.
(pdftex.def)             Requested size: 448.13095pt x 134.82874pt.
 [15]
Underfull \hbox (badness 10000) in paragraph at lines 172--174

 []


Underfull \hbox (badness 10000) in paragraph at lines 179--180

 []

[16 <C:/Users/mbaratva/Desktop/thesis/CDC/content/fig/freq_alloc.JPG>]
Overfull \hbox (46.02449pt too wide) in paragraph at lines 210--219
 [] 
 []


Underfull \hbox (badness 10000) in paragraph at lines 221--222

 []


Underfull \hbox (badness 10000) in paragraph at lines 227--228

 []


Underfull \hbox (badness 10000) in paragraph at lines 233--234

 []


Underfull \hbox (badness 10000) in paragraph at lines 245--246

 []


Underfull \hbox (badness 10000) in paragraph at lines 250--255

 []

[17] <content/fig/ofdm_frame.JPG, id=74, 508.90125pt x 110.66344pt>
File: content/fig/ofdm_frame.JPG Graphic file (type jpg)

<use content/fig/ofdm_frame.JPG>
Package pdftex.def Info: content/fig/ofdm_frame.JPG used on input line 257.
(pdftex.def)             Requested size: 341.43306pt x 74.2488pt.
 [18]
Underfull \hbox (badness 10000) in paragraph at lines 262--263

 []

<content/fig/cfo_radio_model.JPG, id=78, 468.24937pt x 158.09062pt>
File: content/fig/cfo_radio_model.JPG Graphic file (type jpg)

<use content/fig/cfo_radio_model.JPG>
Package pdftex.def Info: content/fig/cfo_radio_model.JPG used on input line 269
.
(pdftex.def)             Requested size: 448.13095pt x 151.30693pt.
 [19 <C:/Users/mbaratva/Desktop/thesis/CDC/content/fig/ofdm_frame.JPG> <C:/User
s/mbaratva/Desktop/thesis/CDC/content/fig/cfo_radio_model.JPG>]
Underfull \hbox (badness 10000) in paragraph at lines 290--291

 []


Underfull \hbox (badness 10000) in paragraph at lines 304--307

 []

<content/fig/cfo_on_ici.JPG, id=83, 313.17pt x 213.79875pt>
File: content/fig/cfo_on_ici.JPG Graphic file (type jpg)

<use content/fig/cfo_on_ici.JPG>
Package pdftex.def Info: content/fig/cfo_on_ici.JPG used on input line 309.
(pdftex.def)             Requested size: 284.52756pt x 194.2505pt.
 [20]
Underfull \hbox (badness 10000) in paragraph at lines 314--318

 []

<content/fig/LTS_time_domain.JPG, id=87, 355.3275pt x 109.1578pt>
File: content/fig/LTS_time_domain.JPG Graphic file (type jpg)

<use content/fig/LTS_time_domain.JPG>
Package pdftex.def Info: content/fig/LTS_time_domain.JPG used on input line 320
.
(pdftex.def)             Requested size: 284.52756pt x 87.40964pt.

<content/fig/cfo_est.JPG, id=88, 670.75594pt x 118.19156pt>
File: content/fig/cfo_est.JPG Graphic file (type jpg)

<use content/fig/cfo_est.JPG>
Package pdftex.def Info: content/fig/cfo_est.JPG used on input line 335.
(pdftex.def)             Requested size: 448.13095pt x 78.9625pt.
 [21 <C:/Users/mbaratva/Desktop/thesis/CDC/content/fig/cfo_on_ici.JPG> <C:/User
s/mbaratva/Desktop/thesis/CDC/content/fig/LTS_time_domain.JPG> <C:/Users/mbarat
va/Desktop/thesis/CDC/content/fig/cfo_est.JPG>])
[22] (C:\Users\mbaratva\Desktop\thesis\CDC\content/part3.tex
Missing character: There is no Â in font pbkl7t!
Missing character: There is no ® in font pbkl7t!
Missing character: There is no Â in font pbkl7t!
Missing character: There is no ® in font pbkl7t!
Missing character: There is no Â in font pbkl7t!
Missing character: There is no ® in font pbkl7t!
Missing character: There is no Â in font pbkl7t!
Missing character: There is no ® in font pbkl7t!

Overfull \hbox (2.02176pt too wide) in paragraph at lines 10--11
\OT1/pbk/l/n/12 Simulink from The Math-Works is a pow-er-ful graph-i-cal mod-el
-ing sys-tem which
 []


Underfull \hbox (badness 10000) in paragraph at lines 10--11

 []

<content/fig/systemGen.JPG, id=95, 468.75125pt x 350.30875pt>
File: content/fig/systemGen.JPG Graphic file (type jpg)

<use content/fig/systemGen.JPG>
Package pdftex.def Info: content/fig/systemGen.JPG used on input line 13.
(pdftex.def)             Requested size: 284.52756pt x 212.62965pt.

Underfull \hbox (badness 10000) in paragraph at lines 19--22

 []

[23 <C:/Users/mbaratva/Desktop/thesis/CDC/content/fig/systemGen.JPG>]
<content/fig/system.JPG, id=99, 792.71156pt x 417.05812pt>
File: content/fig/system.JPG Graphic file (type jpg)

<use content/fig/system.JPG>
Package pdftex.def Info: content/fig/system.JPG used on input line 27.
(pdftex.def)             Requested size: 448.13095pt x 235.77191pt.

Underfull \hbox (badness 10000) in paragraph at lines 32--34

 []

[24 <C:/Users/mbaratva/Desktop/thesis/CDC/content/fig/system.JPG>]
<content/fig/txblock.JPG, id=103, 1024.57782pt x 560.0925pt>
File: content/fig/txblock.JPG Graphic file (type jpg)

<use content/fig/txblock.JPG>
Package pdftex.def Info: content/fig/txblock.JPG used on input line 36.
(pdftex.def)             Requested size: 448.13095pt x 244.9715pt.

<content/fig/rxblock.JPG, id=104, 959.08313pt x 625.58719pt>
File: content/fig/rxblock.JPG Graphic file (type jpg)

<use content/fig/rxblock.JPG>
Package pdftex.def Info: content/fig/rxblock.JPG used on input line 43.
(pdftex.def)             Requested size: 448.13095pt x 292.3078pt.
 [25 <C:/Users/mbaratva/Desktop/thesis/CDC/content/fig/txblock.JPG>]
Underfull \hbox (badness 10000) in paragraph at lines 48--50

 []

<content/fig/ieee_preamble.JPG, id=109, 322.20375pt x 132.495pt>
File: content/fig/ieee_preamble.JPG Graphic file (type jpg)

<use content/fig/ieee_preamble.JPG>
Package pdftex.def Info: content/fig/ieee_preamble.JPG used on input line 52.
(pdftex.def)             Requested size: 284.52756pt x 117.00635pt.
 [26 <C:/Users/mbaratva/Desktop/thesis/CDC/content/fig/rxblock.JPG>]
Underfull \hbox (badness 10000) in paragraph at lines 57--58

 []


Underfull \hbox (badness 10000) in paragraph at lines 69--70

 []

<content/fig/schimdl_cox.JPG, id=113, 255.95625pt x 82.80937pt>
File: content/fig/schimdl_cox.JPG Graphic file (type jpg)

<use content/fig/schimdl_cox.JPG>
Package pdftex.def Info: content/fig/schimdl_cox.JPG used on input line 77.
(pdftex.def)             Requested size: 284.52756pt x 92.05847pt.
 [27 <C:/Users/mbaratva/Desktop/thesis/CDC/content/fig/ieee_preamble.JPG> <C:/U
sers/mbaratva/Desktop/thesis/CDC/content/fig/schimdl_cox.JPG>]
<content/fig/autocorrblock.JPG, id=117, 1011.78pt x 415.5525pt>
File: content/fig/autocorrblock.JPG Graphic file (type jpg)

<use content/fig/autocorrblock.JPG>
Package pdftex.def Info: content/fig/autocorrblock.JPG used on input line 85.
(pdftex.def)             Requested size: 448.13095pt x 184.05475pt.

<content/fig/fine_packetDetect.JPG, id=118, 922.19531pt x 269.50688pt>
File: content/fig/fine_packetDetect.JPG Graphic file (type jpg)

<use content/fig/fine_packetDetect.JPG>
Package pdftex.def Info: content/fig/fine_packetDetect.JPG used on input line 9
1.
(pdftex.def)             Requested size: 448.13095pt x 130.96152pt.

Underfull \hbox (badness 10000) in paragraph at lines 96--97

 []

[28 <C:/Users/mbaratva/Desktop/thesis/CDC/content/fig/autocorrblock.JPG> <C:/Us
ers/mbaratva/Desktop/thesis/CDC/content/fig/fine_packetDetect.JPG>]
<content/fig/cmpx_div.JPG, id=122, 862.72313pt x 197.23688pt>
File: content/fig/cmpx_div.JPG Graphic file (type jpg)

<use content/fig/cmpx_div.JPG>
Package pdftex.def Info: content/fig/cmpx_div.JPG used on input line 106.
(pdftex.def)             Requested size: 448.13095pt x 102.4524pt.

<content/fig/division.JPG, id=123, 839.38594pt x 388.45125pt>
File: content/fig/division.JPG Graphic file (type jpg)

<use content/fig/division.JPG>
Package pdftex.def Info: content/fig/division.JPG used on input line 112.
(pdftex.def)             Requested size: 448.13095pt x 207.3837pt.

Underfull \hbox (badness 10000) in paragraph at lines 121--123

 []

[29 <C:/Users/mbaratva/Desktop/thesis/CDC/content/fig/cmpx_div.JPG> <C:/Users/m
baratva/Desktop/thesis/CDC/content/fig/division.JPG>]
<content/fig/ZC706.JPG, id=127, 288.3272pt x 164.11313pt>
File: content/fig/ZC706.JPG Graphic file (type jpg)

<use content/fig/ZC706.JPG>
Package pdftex.def Info: content/fig/ZC706.JPG used on input line 125.
(pdftex.def)             Requested size: 341.43306pt x 194.34795pt.

<content/fig/zc706_block_diagram.JPG, id=128, 539.01375pt x 439.6425pt>
File: content/fig/zc706_block_diagram.JPG Graphic file (type jpg)

<use content/fig/zc706_block_diagram.JPG>
Package pdftex.def Info: content/fig/zc706_block_diagram.JPG used on input line
 130.
(pdftex.def)             Requested size: 341.43306pt x 278.49232pt.

Overfull \hbox (2.61751pt too wide) in paragraph at lines 136--138
\OT1/pbk/l/n/12 one of the lat-est gen-er-a-tion high-speed data con-vert-ers. 
The AD-FMCOMMS1-
 []


Underfull \hbox (badness 10000) in paragraph at lines 136--138

 []

[30 <C:/Users/mbaratva/Desktop/thesis/CDC/content/fig/ZC706.JPG> <C:/Users/mbar
atva/Desktop/thesis/CDC/content/fig/zc706_block_diagram.JPG>]
<content/fig/fmcomms1.jpg, id=132, 326.72063pt x 225.84375pt>
File: content/fig/fmcomms1.jpg Graphic file (type jpg)

<use content/fig/fmcomms1.jpg>
Package pdftex.def Info: content/fig/fmcomms1.jpg used on input line 140.
(pdftex.def)             Requested size: 284.52756pt x 196.67545pt.

<content/fig/fmcomms1Blockdiagram.jpg, id=133, 903.375pt x 433.62pt>
File: content/fig/fmcomms1Blockdiagram.jpg Graphic file (type jpg)

<use content/fig/fmcomms1Blockdiagram.jpg>
Package pdftex.def Info: content/fig/fmcomms1Blockdiagram.jpg used on input lin
e 145.
(pdftex.def)             Requested size: 426.79134pt x 204.86006pt.
 [31 <C:/Users/mbaratva/Desktop/thesis/CDC/content/fig/fmcomms1.jpg>]
Underfull \hbox (badness 10000) in paragraph at lines 150--152

 []

<content/fig/ad9548BlockDiagram.JPG, id=138, 698.61pt x 423.83344pt>
File: content/fig/ad9548BlockDiagram.JPG Graphic file (type jpg)

<use content/fig/ad9548BlockDiagram.JPG>
Package pdftex.def Info: content/fig/ad9548BlockDiagram.JPG used on input line 
154.
(pdftex.def)             Requested size: 426.79134pt x 258.92604pt.
 [32 <C:/Users/mbaratva/Desktop/thesis/CDC/content/fig/fmcomms1Blockdiagram.jpg
>]
Underfull \hbox (badness 10000) in paragraph at lines 158--163

 []

<content/fig/cvhd.JPG, id=142, 423.08063pt x 386.19281pt>
File: content/fig/cvhd.JPG Graphic file (type jpg)

<use content/fig/cvhd.JPG>
Package pdftex.def Info: content/fig/cvhd.JPG used on input line 165.
(pdftex.def)             Requested size: 284.52756pt x 259.72603pt.
 [33 <C:/Users/mbaratva/Desktop/thesis/CDC/content/fig/ad9548BlockDiagram.JPG>]

Underfull \hbox (badness 10000) in paragraph at lines 177--178

 []

[34 <C:/Users/mbaratva/Desktop/thesis/CDC/content/fig/cvhd.JPG>]
Underfull \hbox (badness 10000) in paragraph at lines 181--183

 []


Underfull \hbox (badness 10000) in paragraph at lines 186--188

 []

<content/fig/zynq_inside.JPG, id=149, 521.95pt x 576.1525pt>
File: content/fig/zynq_inside.JPG Graphic file (type jpg)

<use content/fig/zynq_inside.JPG>
Package pdftex.def Info: content/fig/zynq_inside.JPG used on input line 191.
(pdftex.def)             Requested size: 448.13095pt x 494.67267pt.
 [35]
Underfull \hbox (badness 10000) in paragraph at lines 196--197

 []

[36 <C:/Users/mbaratva/Desktop/thesis/CDC/content/fig/zynq_inside.JPG>]
<content/fig/fpga_internal.JPG, id=156, 540.51938pt x 238.64156pt>
File: content/fig/fpga_internal.JPG Graphic file (type jpg)

<use content/fig/fpga_internal.JPG>
Package pdftex.def Info: content/fig/fpga_internal.JPG used on input line 199.
(pdftex.def)             Requested size: 448.13095pt x 197.85759pt.

Underfull \hbox (badness 10000) in paragraph at lines 204--206

 []


Underfull \hbox (badness 10000) in paragraph at lines 208--209

 []

<content/fig/hardware_setup.JPG, id=157, 2055.68pt x 1541.76pt>
File: content/fig/hardware_setup.JPG Graphic file (type jpg)

<use content/fig/hardware_setup.JPG>
Package pdftex.def Info: content/fig/hardware_setup.JPG used on input line 211.

(pdftex.def)             Requested size: 448.13095pt x 336.0829pt.
 [37 <C:/Users/mbaratva/Desktop/thesis/CDC/content/fig/fpga_internal.JPG>]
Underfull \hbox (badness 10000) in paragraph at lines 216--220

 []

[38 <C:/Users/mbaratva/Desktop/thesis/CDC/content/fig/hardware_setup.JPG>])
[39] (C:\Users\mbaratva\Desktop\thesis\CDC\content/part4.tex
Underfull \hbox (badness 10000) in paragraph at lines 2--3

 []


Underfull \hbox (badness 10000) in paragraph at lines 8--9

 []

<content/fig/ofdmframe_chipscope.JPG, id=168, 810.02625pt x 539.01375pt>
File: content/fig/ofdmframe_chipscope.JPG Graphic file (type jpg)

<use content/fig/ofdmframe_chipscope.JPG>
Package pdftex.def Info: content/fig/ofdmframe_chipscope.JPG used on input line
 10.
(pdftex.def)             Requested size: 448.13095pt x 298.2021pt.
 [40]
<content/fig/sts_chipscope.JPG, id=172, 726.46407pt x 441.90094pt>
File: content/fig/sts_chipscope.JPG Graphic file (type jpg)

<use content/fig/sts_chipscope.JPG>
Package pdftex.def Info: content/fig/sts_chipscope.JPG used on input line 16.
(pdftex.def)             Requested size: 341.43306pt x 207.69347pt.

Underfull \hbox (badness 10000) in paragraph at lines 21--22

 []

<content/fig/autocorr.JPG, id=173, 752.8125pt x 347.04657pt>
File: content/fig/autocorr.JPG Graphic file (type jpg)

<use content/fig/autocorr.JPG>
Package pdftex.def Info: content/fig/autocorr.JPG used on input line 24.
(pdftex.def)             Requested size: 448.13095pt x 206.59323pt.
 [41 <C:/Users/mbaratva/Desktop/thesis/CDC/content/fig/ofdmframe_chipscope.JPG>
 <C:/Users/mbaratva/Desktop/thesis/CDC/content/fig/sts_chipscope.JPG>]
Underfull \hbox (badness 10000) in paragraph at lines 29--30

 []

<content/fig/crosscorr.JPG, id=177, 855.94781pt x 481.04718pt>
File: content/fig/crosscorr.JPG Graphic file (type jpg)

<use content/fig/crosscorr.JPG>
Package pdftex.def Info: content/fig/crosscorr.JPG used on input line 32.
(pdftex.def)             Requested size: 448.13095pt x 251.84889pt.

Underfull \hbox (badness 10000) in paragraph at lines 37--38

 []

[42 <C:/Users/mbaratva/Desktop/thesis/CDC/content/fig/autocorr.JPG> <C:/Users/m
baratva/Desktop/thesis/CDC/content/fig/crosscorr.JPG>]
<content/fig/baseIFAdcDac.JPG, id=181, 1604.99625pt x 1088.065pt>
File: content/fig/baseIFAdcDac.JPG Graphic file (type jpg)

<use content/fig/baseIFAdcDac.JPG>
Package pdftex.def Info: content/fig/baseIFAdcDac.JPG used on input line 40.
(pdftex.def)             Requested size: 284.52756pt x 192.888pt.

Underfull \hbox (badness 10000) in paragraph at lines 45--46

 []

<content/fig/RfIF.JPG, id=182, 1604.99625pt x 1088.065pt>
File: content/fig/RfIF.JPG Graphic file (type jpg)

<use content/fig/RfIF.JPG>
Package pdftex.def Info: content/fig/RfIF.JPG used on input line 48.
(pdftex.def)             Requested size: 284.52756pt x 192.888pt.
 [43 <C:/Users/mbaratva/Desktop/thesis/CDC/content/fig/baseIFAdcDac.JPG> <C:/Us
ers/mbaratva/Desktop/thesis/CDC/content/fig/RfIF.JPG>]
Underfull \hbox (badness 10000) in paragraph at lines 53--54

 []

<content/fig/Rfbase.JPG, id=187, 1604.99625pt x 1088.065pt>
File: content/fig/Rfbase.JPG Graphic file (type jpg)

<use content/fig/Rfbase.JPG>
Package pdftex.def Info: content/fig/Rfbase.JPG used on input line 56.
(pdftex.def)             Requested size: 284.52756pt x 192.888pt.

Underfull \hbox (badness 10000) in paragraph at lines 61--62

 []


<content/fig/h_mag_chipscope_noChannel.JPG, id=188, 646.66594pt x 446.41782pt>
File: content/fig/h_mag_chipscope_noChannel.JPG Graphic file (type jpg)

<use content/fig/h_mag_chipscope_noChannel.JPG>
Package pdftex.def Info: content/fig/h_mag_chipscope_noChannel.JPG used on inpu
t line 64.
(pdftex.def)             Requested size: 284.52756pt x 196.41763pt.

Underfull \hbox (badness 10000) in paragraph at lines 69--70

 []

[44 <C:/Users/mbaratva/Desktop/thesis/CDC/content/fig/Rfbase.JPG> <C:/Users/mba
ratva/Desktop/thesis/CDC/content/fig/h_mag_chipscope_noChannel.JPG>]
<content/fig/h_mag_chipscope_rf_detect.JPG, id=192, 643.6547pt x 441.90094pt>
File: content/fig/h_mag_chipscope_rf_detect.JPG Graphic file (type jpg)

<use content/fig/h_mag_chipscope_rf_detect.JPG>
Package pdftex.def Info: content/fig/h_mag_chipscope_rf_detect.JPG used on inpu
t line 72.
(pdftex.def)             Requested size: 284.52756pt x 195.34729pt.

<content/fig/OfdmSym_16qam_1_2_code_64byte.JPG, id=193, 746.79pt x 335.00156pt>
File: content/fig/OfdmSym_16qam_1_2_code_64byte.JPG Graphic file (type jpg)
<use content/fig/OfdmSym_16qam_1_2_code_64byte.JPG>
Package pdftex.def Info: content/fig/OfdmSym_16qam_1_2_code_64byte.JPG used on 
input line 78.
(pdftex.def)             Requested size: 448.13095pt x 201.02803pt.

Underfull \hbox (badness 10000) in paragraph at lines 83--84

 []

[45 <C:/Users/mbaratva/Desktop/thesis/CDC/content/fig/h_mag_chipscope_rf_detect
.JPG> <C:/Users/mbaratva/Desktop/thesis/CDC/content/fig/OfdmSym_16qam_1_2_code_
64byte.JPG>]
<content/fig/OfdmSym_16qam_no_code_64byte.JPG, id=197, 746.79pt x 336.50719pt>
File: content/fig/OfdmSym_16qam_no_code_64byte.JPG Graphic file (type jpg)

<use content/fig/OfdmSym_16qam_no_code_64byte.JPG>
Package pdftex.def Info: content/fig/OfdmSym_16qam_no_code_64byte.JPG used on i
nput line 86.
(pdftex.def)             Requested size: 448.13095pt x 201.93153pt.

Underfull \hbox (badness 10000) in paragraph at lines 93--94

 []


Underfull \hbox (badness 10000) in paragraph at lines 110--111

 []


Underfull \hbox (badness 10000) in paragraph at lines 114--115

 []

[46 <C:/Users/mbaratva/Desktop/thesis/CDC/content/fig/OfdmSym_16qam_no_code_64b
yte.JPG>])
Underfull \hbox (badness 10000) in paragraph at lines 117--43

 []

[47] (C:\Users\mbaratva\Desktop\thesis\CDC\report.aux)

LaTeX Warning: Label(s) may have changed. Rerun to get cross-references right.

 ) 
Here is how much of TeX's memory you used:
 3704 strings out of 493921
 56971 string characters out of 3144867
 156613 words of memory out of 3000000
 6908 multiletter control sequences out of 15000+200000
 21395 words of font info for 49 fonts, out of 3000000 for 9000
 841 hyphenation exceptions out of 8191
 41i,23n,55p,1029b,281s stack positions out of 5000i,500n,10000p,200000b,50000s
{C:/Program Files (x86)/MiKTeX 2.9/fonts/enc/dvips/fontname/8r.enc}<C:/Progra
m Files (x86)/MiKTeX 2.9/fonts/type1/public/amsfonts/cm/cmex10.pfb><C:/Program 
Files (x86)/MiKTeX 2.9/fonts/type1/public/amsfonts/cm/cmmi12.pfb><C:/Program Fi
les (x86)/MiKTeX 2.9/fonts/type1/public/amsfonts/cm/cmmi6.pfb><C:/Program Files
 (x86)/MiKTeX 2.9/fonts/type1/public/amsfonts/cm/cmmi8.pfb><C:/Program Files (x
86)/MiKTeX 2.9/fonts/type1/public/amsfonts/cm/cmr12.pfb><C:/Program Files (x86)
/MiKTeX 2.9/fonts/type1/public/amsfonts/cm/cmr6.pfb><C:/Program Files (x86)/MiK
TeX 2.9/fonts/type1/public/amsfonts/cm/cmr8.pfb><C:/Program Files (x86)/MiKTeX 
2.9/fonts/type1/public/amsfonts/cm/cmsy10.pfb><C:/Program Files (x86)/MiKTeX 2.
9/fonts/type1/public/amsfonts/cm/cmsy8.pfb><C:/Program Files (x86)/MiKTeX 2.9/f
onts/type1/urw/avantgar/uagd8a.pfb><C:/Program Files (x86)/MiKTeX 2.9/fonts/typ
e1/urw/bookman/ubkd8a.pfb><C:/Program Files (x86)/MiKTeX 2.9/fonts/type1/urw/bo
okman/ubkl8a.pfb><C:/Program Files (x86)/MiKTeX 2.9/fonts/type1/urw/bookman/ubk
li8a.pfb>
Output written on report.pdf (47 pages, 4407404 bytes).
PDF statistics:
 248 PDF objects out of 1000 (max. 8388607)
 0 named destinations out of 1000 (max. 500000)
 206 words of extra memory for PDF output out of 10000 (max. 10000000)

